<?xml version="1.0" encoding="UTF-8"?>
<testng-results ignored="0" total="1" passed="1" failed="0" skipped="0">
  <reporter-output>
  </reporter-output>
  <suite started-at="2020-10-27T19:23:39 IST" name="Suite" finished-at="2020-10-27T19:23:39 IST" duration-ms="41">
    <groups>
    </groups>
    <test started-at="2020-10-27T19:23:39 IST" name="Test" finished-at="2020-10-27T19:23:39 IST" duration-ms="41">
      <class name="QA.QA.SeleniumTest">
        <test-method signature="browsertest()[pri:0, instance:QA.QA.SeleniumTest@3d36e4cd]" started-at="2020-10-27T19:23:39 IST" name="browsertest" finished-at="2020-10-27T19:23:39 IST" duration-ms="5" status="PASS">
          <reporter-output>
          </reporter-output>
        </test-method> <!-- browsertest -->
      </class> <!-- QA.QA.SeleniumTest -->
    </test> <!-- Test -->
  </suite> <!-- Suite -->
</testng-results>
